2021-04-06 20:52:15,955 27596  MainThread       __main__                 DEBUG    Crypto-ML application begin.
2021-04-06 20:52:20,762 26928  MainThread       __main__                 DEBUG    Crypto-ML application begin.
2021-04-06 20:52:26,176 28644  MainThread       __main__                 DEBUG    Crypto-ML application begin.
2021-04-06 20:52:26,176 28644  MainThread       tweepy.binder            DEBUG    PARAMS: {}
2021-04-06 20:52:26,177 28644  MainThread       requests_oauthlib.oauth1_auth DEBUG    Signing request <PreparedRequest [GET]> using client <Client client_key=fas6ku7nrX8PEr276k4fagLb0, client_secret=****, resource_owner_key=1303733634424242188-a5SMk2oRhhghsxjl1bY0Xhqnr2F7PI, resource_owner_secret=****, signature_method=HMAC-SHA1, signature_type=AUTH_HEADER, callback_uri=None, rsa_key=None, verifier=None, realm=None, encoding=utf-8, decoding=None, nonce=None, timestamp=None>
2021-04-06 20:52:26,179 28644  MainThread       requests_oauthlib.oauth1_auth DEBUG    Including body in call to sign: False
2021-04-06 20:52:26,180 28644  MainThread       oauthlib.oauth1.rfc5849  DEBUG    Collected params: [('oauth_nonce', '137990558631130090791617735146'), ('oauth_timestamp', '1617735146'), ('oauth_version', '1.0'), ('oauth_signature_method', 'HMAC-SHA1'), ('oauth_consumer_key', 'fas6ku7nrX8PEr276k4fagLb0'), ('oauth_token', '1303733634424242188-a5SMk2oRhhghsxjl1bY0Xhqnr2F7PI')]
2021-04-06 20:52:26,182 28644  MainThread       oauthlib.oauth1.rfc5849  DEBUG    Normalized params: oauth_consumer_key=fas6ku7nrX8PEr276k4fagLb0&oauth_nonce=137990558631130090791617735146&oauth_signature_method=HMAC-SHA1&oauth_timestamp=1617735146&oauth_token=1303733634424242188-a5SMk2oRhhghsxjl1bY0Xhqnr2F7PI&oauth_version=1.0
2021-04-06 20:52:26,183 28644  MainThread       oauthlib.oauth1.rfc5849  DEBUG    Normalized URI: https://api.twitter.com/1.1/account/verify_credentials.json
2021-04-06 20:52:26,184 28644  MainThread       oauthlib.oauth1.rfc5849  DEBUG    Signing: signature base string: GET&https%3A%2F%2Fapi.twitter.com%2F1.1%2Faccount%2Fverify_credentials.json&oauth_consumer_key%3Dfas6ku7nrX8PEr276k4fagLb0%26oauth_nonce%3D137990558631130090791617735146%26oauth_signature_method%3DHMAC-SHA1%26oauth_timestamp%3D1617735146%26oauth_token%3D1303733634424242188-a5SMk2oRhhghsxjl1bY0Xhqnr2F7PI%26oauth_version%3D1.0
2021-04-06 20:52:26,185 28644  MainThread       oauthlib.oauth1.rfc5849  DEBUG    Signature: NxTI5HSxJb4DYARht+U86H/i2gA=
2021-04-06 20:52:26,185 28644  MainThread       requests_oauthlib.oauth1_auth DEBUG    Updated url: https://api.twitter.com/1.1/account/verify_credentials.json
2021-04-06 20:52:26,187 28644  MainThread       requests_oauthlib.oauth1_auth DEBUG    Updated headers: {'Host': 'api.twitter.com', 'Authorization': 'OAuth oauth_nonce="137990558631130090791617735146", oauth_timestamp="1617735146", oauth_version="1.0", oauth_signature_method="HMAC-SHA1", oauth_consumer_key="fas6ku7nrX8PEr276k4fagLb0", oauth_token="1303733634424242188-a5SMk2oRhhghsxjl1bY0Xhqnr2F7PI", oauth_signature="NxTI5HSxJb4DYARht%2BU86H%2Fi2gA%3D"'}
2021-04-06 20:52:26,188 28644  MainThread       requests_oauthlib.oauth1_auth DEBUG    Updated body: None
2021-04-06 20:52:26,190 28644  MainThread       urllib3.connectionpool   DEBUG    Starting new HTTPS connection (1): api.twitter.com:443
2021-04-06 20:52:26,416 28644  MainThread       urllib3.connectionpool   DEBUG    https://api.twitter.com:443 "GET /1.1/account/verify_credentials.json HTTP/1.1" 200 1279
2021-04-06 20:52:26,418 28644  MainThread       tweepy.binder            DEBUG    PARAMS: {'q': b'bitcoin', 'lang': b'en', 'count': b'5'}
2021-04-06 20:52:26,418 28644  MainThread       requests_oauthlib.oauth1_auth DEBUG    Signing request <PreparedRequest [GET]> using client <Client client_key=fas6ku7nrX8PEr276k4fagLb0, client_secret=****, resource_owner_key=1303733634424242188-a5SMk2oRhhghsxjl1bY0Xhqnr2F7PI, resource_owner_secret=****, signature_method=HMAC-SHA1, signature_type=AUTH_HEADER, callback_uri=None, rsa_key=None, verifier=None, realm=None, encoding=utf-8, decoding=None, nonce=None, timestamp=None>
2021-04-06 20:52:26,419 28644  MainThread       requests_oauthlib.oauth1_auth DEBUG    Including body in call to sign: False
2021-04-06 20:52:26,419 28644  MainThread       oauthlib.oauth1.rfc5849  DEBUG    Collected params: [('q', 'bitcoin'), ('lang', 'en'), ('count', '5'), ('oauth_nonce', '18594876850908894551617735146'), ('oauth_timestamp', '1617735146'), ('oauth_version', '1.0'), ('oauth_signature_method', 'HMAC-SHA1'), ('oauth_consumer_key', 'fas6ku7nrX8PEr276k4fagLb0'), ('oauth_token', '1303733634424242188-a5SMk2oRhhghsxjl1bY0Xhqnr2F7PI')]
2021-04-06 20:52:26,420 28644  MainThread       oauthlib.oauth1.rfc5849  DEBUG    Normalized params: count=5&lang=en&oauth_consumer_key=fas6ku7nrX8PEr276k4fagLb0&oauth_nonce=18594876850908894551617735146&oauth_signature_method=HMAC-SHA1&oauth_timestamp=1617735146&oauth_token=1303733634424242188-a5SMk2oRhhghsxjl1bY0Xhqnr2F7PI&oauth_version=1.0&q=bitcoin
2021-04-06 20:52:26,420 28644  MainThread       oauthlib.oauth1.rfc5849  DEBUG    Normalized URI: https://api.twitter.com/1.1/search/tweets.json
2021-04-06 20:52:26,421 28644  MainThread       oauthlib.oauth1.rfc5849  DEBUG    Signing: signature base string: GET&https%3A%2F%2Fapi.twitter.com%2F1.1%2Fsearch%2Ftweets.json&count%3D5%26lang%3Den%26oauth_consumer_key%3Dfas6ku7nrX8PEr276k4fagLb0%26oauth_nonce%3D18594876850908894551617735146%26oauth_signature_method%3DHMAC-SHA1%26oauth_timestamp%3D1617735146%26oauth_token%3D1303733634424242188-a5SMk2oRhhghsxjl1bY0Xhqnr2F7PI%26oauth_version%3D1.0%26q%3Dbitcoin
2021-04-06 20:52:26,421 28644  MainThread       oauthlib.oauth1.rfc5849  DEBUG    Signature: 8SgVVRDtqyaZbsQjNgaxqZ/0uPk=
2021-04-06 20:52:26,421 28644  MainThread       requests_oauthlib.oauth1_auth DEBUG    Updated url: https://api.twitter.com/1.1/search/tweets.json?q=bitcoin&lang=en&count=5
2021-04-06 20:52:26,422 28644  MainThread       requests_oauthlib.oauth1_auth DEBUG    Updated headers: {'Host': 'api.twitter.com', 'Authorization': 'OAuth oauth_nonce="18594876850908894551617735146", oauth_timestamp="1617735146", oauth_version="1.0", oauth_signature_method="HMAC-SHA1", oauth_consumer_key="fas6ku7nrX8PEr276k4fagLb0", oauth_token="1303733634424242188-a5SMk2oRhhghsxjl1bY0Xhqnr2F7PI", oauth_signature="8SgVVRDtqyaZbsQjNgaxqZ%2F0uPk%3D"'}
2021-04-06 20:52:26,422 28644  MainThread       requests_oauthlib.oauth1_auth DEBUG    Updated body: None
2021-04-06 20:52:26,423 28644  MainThread       urllib3.connectionpool   DEBUG    Starting new HTTPS connection (1): api.twitter.com:443
2021-04-06 20:52:26,714 28644  MainThread       urllib3.connectionpool   DEBUG    https://api.twitter.com:443 "GET /1.1/search/tweets.json?q=bitcoin&lang=en&count=5 HTTP/1.1" 200 23227
2021-04-06 20:52:26,734 28644  MainThread       tweepy.binder            DEBUG    PARAMS: {'create': b'True'}
2021-04-06 20:53:27,933 10744  MainThread       __main__                 DEBUG    Crypto-ML application begin.
2021-04-06 20:53:27,934 10744  MainThread       requests_oauthlib.oauth1_auth DEBUG    Signing request <PreparedRequest [GET]> using client <Client client_key=fas6ku7nrX8PEr276k4fagLb0, client_secret=****, resource_owner_key=1303733634424242188-a5SMk2oRhhghsxjl1bY0Xhqnr2F7PI, resource_owner_secret=****, signature_method=HMAC-SHA1, signature_type=AUTH_HEADER, callback_uri=None, rsa_key=None, verifier=None, realm=None, encoding=utf-8, decoding=None, nonce=None, timestamp=None>
2021-04-06 20:53:27,934 10744  MainThread       requests_oauthlib.oauth1_auth DEBUG    Including body in call to sign: False
2021-04-06 20:53:27,935 10744  MainThread       oauthlib.oauth1.rfc5849  DEBUG    Collected params: [('oauth_nonce', '128946199052212475701617735207'), ('oauth_timestamp', '1617735207'), ('oauth_version', '1.0'), ('oauth_signature_method', 'HMAC-SHA1'), ('oauth_consumer_key', 'fas6ku7nrX8PEr276k4fagLb0'), ('oauth_token', '1303733634424242188-a5SMk2oRhhghsxjl1bY0Xhqnr2F7PI')]
2021-04-06 20:53:27,935 10744  MainThread       oauthlib.oauth1.rfc5849  DEBUG    Normalized params: oauth_consumer_key=fas6ku7nrX8PEr276k4fagLb0&oauth_nonce=128946199052212475701617735207&oauth_signature_method=HMAC-SHA1&oauth_timestamp=1617735207&oauth_token=1303733634424242188-a5SMk2oRhhghsxjl1bY0Xhqnr2F7PI&oauth_version=1.0
2021-04-06 20:53:27,935 10744  MainThread       oauthlib.oauth1.rfc5849  DEBUG    Normalized URI: https://api.twitter.com/1.1/account/verify_credentials.json
2021-04-06 20:53:27,935 10744  MainThread       oauthlib.oauth1.rfc5849  DEBUG    Signing: signature base string: GET&https%3A%2F%2Fapi.twitter.com%2F1.1%2Faccount%2Fverify_credentials.json&oauth_consumer_key%3Dfas6ku7nrX8PEr276k4fagLb0%26oauth_nonce%3D128946199052212475701617735207%26oauth_signature_method%3DHMAC-SHA1%26oauth_timestamp%3D1617735207%26oauth_token%3D1303733634424242188-a5SMk2oRhhghsxjl1bY0Xhqnr2F7PI%26oauth_version%3D1.0
2021-04-06 20:53:27,936 10744  MainThread       oauthlib.oauth1.rfc5849  DEBUG    Signature: BkDr9sw+y2WeBfSi0KtrERNZuts=
2021-04-06 20:53:27,936 10744  MainThread       requests_oauthlib.oauth1_auth DEBUG    Updated url: https://api.twitter.com/1.1/account/verify_credentials.json
2021-04-06 20:53:27,936 10744  MainThread       requests_oauthlib.oauth1_auth DEBUG    Updated headers: {'Host': 'api.twitter.com', 'Authorization': 'OAuth oauth_nonce="128946199052212475701617735207", oauth_timestamp="1617735207", oauth_version="1.0", oauth_signature_method="HMAC-SHA1", oauth_consumer_key="fas6ku7nrX8PEr276k4fagLb0", oauth_token="1303733634424242188-a5SMk2oRhhghsxjl1bY0Xhqnr2F7PI", oauth_signature="BkDr9sw%2By2WeBfSi0KtrERNZuts%3D"'}
2021-04-06 20:53:27,936 10744  MainThread       requests_oauthlib.oauth1_auth DEBUG    Updated body: None
2021-04-06 20:53:27,937 10744  MainThread       urllib3.connectionpool   DEBUG    Starting new HTTPS connection (1): api.twitter.com:443
2021-04-06 20:53:28,174 10744  MainThread       urllib3.connectionpool   DEBUG    https://api.twitter.com:443 "GET /1.1/account/verify_credentials.json HTTP/1.1" 200 1279
2021-04-06 20:53:28,184 10744  MainThread       requests_oauthlib.oauth1_auth DEBUG    Signing request <PreparedRequest [GET]> using client <Client client_key=fas6ku7nrX8PEr276k4fagLb0, client_secret=****, resource_owner_key=1303733634424242188-a5SMk2oRhhghsxjl1bY0Xhqnr2F7PI, resource_owner_secret=****, signature_method=HMAC-SHA1, signature_type=AUTH_HEADER, callback_uri=None, rsa_key=None, verifier=None, realm=None, encoding=utf-8, decoding=None, nonce=None, timestamp=None>
2021-04-06 20:53:28,186 10744  MainThread       requests_oauthlib.oauth1_auth DEBUG    Including body in call to sign: False
2021-04-06 20:53:28,188 10744  MainThread       oauthlib.oauth1.rfc5849  DEBUG    Collected params: [('q', 'bitcoin'), ('lang', 'en'), ('count', '5'), ('oauth_nonce', '138451605526503483181617735208'), ('oauth_timestamp', '1617735208'), ('oauth_version', '1.0'), ('oauth_signature_method', 'HMAC-SHA1'), ('oauth_consumer_key', 'fas6ku7nrX8PEr276k4fagLb0'), ('oauth_token', '1303733634424242188-a5SMk2oRhhghsxjl1bY0Xhqnr2F7PI')]
2021-04-06 20:53:28,189 10744  MainThread       oauthlib.oauth1.rfc5849  DEBUG    Normalized params: count=5&lang=en&oauth_consumer_key=fas6ku7nrX8PEr276k4fagLb0&oauth_nonce=138451605526503483181617735208&oauth_signature_method=HMAC-SHA1&oauth_timestamp=1617735208&oauth_token=1303733634424242188-a5SMk2oRhhghsxjl1bY0Xhqnr2F7PI&oauth_version=1.0&q=bitcoin
2021-04-06 20:53:28,191 10744  MainThread       oauthlib.oauth1.rfc5849  DEBUG    Normalized URI: https://api.twitter.com/1.1/search/tweets.json
2021-04-06 20:53:28,192 10744  MainThread       oauthlib.oauth1.rfc5849  DEBUG    Signing: signature base string: GET&https%3A%2F%2Fapi.twitter.com%2F1.1%2Fsearch%2Ftweets.json&count%3D5%26lang%3Den%26oauth_consumer_key%3Dfas6ku7nrX8PEr276k4fagLb0%26oauth_nonce%3D138451605526503483181617735208%26oauth_signature_method%3DHMAC-SHA1%26oauth_timestamp%3D1617735208%26oauth_token%3D1303733634424242188-a5SMk2oRhhghsxjl1bY0Xhqnr2F7PI%26oauth_version%3D1.0%26q%3Dbitcoin
2021-04-06 20:53:28,194 10744  MainThread       oauthlib.oauth1.rfc5849  DEBUG    Signature: 5poLuPqarOitoyf4Nc5c1OhFPQY=
2021-04-06 20:53:28,196 10744  MainThread       requests_oauthlib.oauth1_auth DEBUG    Updated url: https://api.twitter.com/1.1/search/tweets.json?q=bitcoin&lang=en&count=5
2021-04-06 20:53:28,197 10744  MainThread       requests_oauthlib.oauth1_auth DEBUG    Updated headers: {'Host': 'api.twitter.com', 'Authorization': 'OAuth oauth_nonce="138451605526503483181617735208", oauth_timestamp="1617735208", oauth_version="1.0", oauth_signature_method="HMAC-SHA1", oauth_consumer_key="fas6ku7nrX8PEr276k4fagLb0", oauth_token="1303733634424242188-a5SMk2oRhhghsxjl1bY0Xhqnr2F7PI", oauth_signature="5poLuPqarOitoyf4Nc5c1OhFPQY%3D"'}
2021-04-06 20:53:28,199 10744  MainThread       requests_oauthlib.oauth1_auth DEBUG    Updated body: None
2021-04-06 20:53:28,203 10744  MainThread       urllib3.connectionpool   DEBUG    Starting new HTTPS connection (1): api.twitter.com:443
2021-04-06 20:53:28,649 10744  MainThread       urllib3.connectionpool   DEBUG    https://api.twitter.com:443 "GET /1.1/search/tweets.json?q=bitcoin&lang=en&count=5 HTTP/1.1" 200 26495
2021-04-06 20:53:33,454 28700  MainThread       __main__                 DEBUG    Crypto-ML application begin.
2021-04-06 20:53:33,454 28700  MainThread       requests_oauthlib.oauth1_auth DEBUG    Signing request <PreparedRequest [GET]> using client <Client client_key=fas6ku7nrX8PEr276k4fagLb0, client_secret=****, resource_owner_key=1303733634424242188-a5SMk2oRhhghsxjl1bY0Xhqnr2F7PI, resource_owner_secret=****, signature_method=HMAC-SHA1, signature_type=AUTH_HEADER, callback_uri=None, rsa_key=None, verifier=None, realm=None, encoding=utf-8, decoding=None, nonce=None, timestamp=None>
2021-04-06 20:53:33,455 28700  MainThread       requests_oauthlib.oauth1_auth DEBUG    Including body in call to sign: False
2021-04-06 20:53:33,455 28700  MainThread       oauthlib.oauth1.rfc5849  DEBUG    Collected params: [('oauth_nonce', '146677423264636290941617735213'), ('oauth_timestamp', '1617735213'), ('oauth_version', '1.0'), ('oauth_signature_method', 'HMAC-SHA1'), ('oauth_consumer_key', 'fas6ku7nrX8PEr276k4fagLb0'), ('oauth_token', '1303733634424242188-a5SMk2oRhhghsxjl1bY0Xhqnr2F7PI')]
2021-04-06 20:53:33,455 28700  MainThread       oauthlib.oauth1.rfc5849  DEBUG    Normalized params: oauth_consumer_key=fas6ku7nrX8PEr276k4fagLb0&oauth_nonce=146677423264636290941617735213&oauth_signature_method=HMAC-SHA1&oauth_timestamp=1617735213&oauth_token=1303733634424242188-a5SMk2oRhhghsxjl1bY0Xhqnr2F7PI&oauth_version=1.0
2021-04-06 20:53:33,456 28700  MainThread       oauthlib.oauth1.rfc5849  DEBUG    Normalized URI: https://api.twitter.com/1.1/account/verify_credentials.json
2021-04-06 20:53:33,456 28700  MainThread       oauthlib.oauth1.rfc5849  DEBUG    Signing: signature base string: GET&https%3A%2F%2Fapi.twitter.com%2F1.1%2Faccount%2Fverify_credentials.json&oauth_consumer_key%3Dfas6ku7nrX8PEr276k4fagLb0%26oauth_nonce%3D146677423264636290941617735213%26oauth_signature_method%3DHMAC-SHA1%26oauth_timestamp%3D1617735213%26oauth_token%3D1303733634424242188-a5SMk2oRhhghsxjl1bY0Xhqnr2F7PI%26oauth_version%3D1.0
2021-04-06 20:53:33,456 28700  MainThread       oauthlib.oauth1.rfc5849  DEBUG    Signature: AcEhYfb+nL3lx6AQ3kMTB9HUCiI=
2021-04-06 20:53:33,456 28700  MainThread       requests_oauthlib.oauth1_auth DEBUG    Updated url: https://api.twitter.com/1.1/account/verify_credentials.json
2021-04-06 20:53:33,457 28700  MainThread       requests_oauthlib.oauth1_auth DEBUG    Updated headers: {'Host': 'api.twitter.com', 'Authorization': 'OAuth oauth_nonce="146677423264636290941617735213", oauth_timestamp="1617735213", oauth_version="1.0", oauth_signature_method="HMAC-SHA1", oauth_consumer_key="fas6ku7nrX8PEr276k4fagLb0", oauth_token="1303733634424242188-a5SMk2oRhhghsxjl1bY0Xhqnr2F7PI", oauth_signature="AcEhYfb%2BnL3lx6AQ3kMTB9HUCiI%3D"'}
2021-04-06 20:53:33,457 28700  MainThread       requests_oauthlib.oauth1_auth DEBUG    Updated body: None
2021-04-06 20:53:33,458 28700  MainThread       urllib3.connectionpool   DEBUG    Starting new HTTPS connection (1): api.twitter.com:443
2021-04-06 20:53:33,702 28700  MainThread       urllib3.connectionpool   DEBUG    https://api.twitter.com:443 "GET /1.1/account/verify_credentials.json HTTP/1.1" 200 1279
2021-04-06 20:53:33,712 28700  MainThread       requests_oauthlib.oauth1_auth DEBUG    Signing request <PreparedRequest [GET]> using client <Client client_key=fas6ku7nrX8PEr276k4fagLb0, client_secret=****, resource_owner_key=1303733634424242188-a5SMk2oRhhghsxjl1bY0Xhqnr2F7PI, resource_owner_secret=****, signature_method=HMAC-SHA1, signature_type=AUTH_HEADER, callback_uri=None, rsa_key=None, verifier=None, realm=None, encoding=utf-8, decoding=None, nonce=None, timestamp=None>
2021-04-06 20:53:33,714 28700  MainThread       requests_oauthlib.oauth1_auth DEBUG    Including body in call to sign: False
2021-04-06 20:53:33,715 28700  MainThread       oauthlib.oauth1.rfc5849  DEBUG    Collected params: [('q', 'bitcoin'), ('lang', 'en'), ('count', '5'), ('oauth_nonce', '141906957743485921181617735213'), ('oauth_timestamp', '1617735213'), ('oauth_version', '1.0'), ('oauth_signature_method', 'HMAC-SHA1'), ('oauth_consumer_key', 'fas6ku7nrX8PEr276k4fagLb0'), ('oauth_token', '1303733634424242188-a5SMk2oRhhghsxjl1bY0Xhqnr2F7PI')]
2021-04-06 20:53:33,717 28700  MainThread       oauthlib.oauth1.rfc5849  DEBUG    Normalized params: count=5&lang=en&oauth_consumer_key=fas6ku7nrX8PEr276k4fagLb0&oauth_nonce=141906957743485921181617735213&oauth_signature_method=HMAC-SHA1&oauth_timestamp=1617735213&oauth_token=1303733634424242188-a5SMk2oRhhghsxjl1bY0Xhqnr2F7PI&oauth_version=1.0&q=bitcoin
2021-04-06 20:53:33,719 28700  MainThread       oauthlib.oauth1.rfc5849  DEBUG    Normalized URI: https://api.twitter.com/1.1/search/tweets.json
2021-04-06 20:53:33,720 28700  MainThread       oauthlib.oauth1.rfc5849  DEBUG    Signing: signature base string: GET&https%3A%2F%2Fapi.twitter.com%2F1.1%2Fsearch%2Ftweets.json&count%3D5%26lang%3Den%26oauth_consumer_key%3Dfas6ku7nrX8PEr276k4fagLb0%26oauth_nonce%3D141906957743485921181617735213%26oauth_signature_method%3DHMAC-SHA1%26oauth_timestamp%3D1617735213%26oauth_token%3D1303733634424242188-a5SMk2oRhhghsxjl1bY0Xhqnr2F7PI%26oauth_version%3D1.0%26q%3Dbitcoin
2021-04-06 20:53:33,722 28700  MainThread       oauthlib.oauth1.rfc5849  DEBUG    Signature: kZ5Jz36CcqVDtkaqxhjBlVdQwhU=
2021-04-06 20:53:33,723 28700  MainThread       requests_oauthlib.oauth1_auth DEBUG    Updated url: https://api.twitter.com/1.1/search/tweets.json?q=bitcoin&lang=en&count=5
2021-04-06 20:53:33,724 28700  MainThread       requests_oauthlib.oauth1_auth DEBUG    Updated headers: {'Host': 'api.twitter.com', 'Authorization': 'OAuth oauth_nonce="141906957743485921181617735213", oauth_timestamp="1617735213", oauth_version="1.0", oauth_signature_method="HMAC-SHA1", oauth_consumer_key="fas6ku7nrX8PEr276k4fagLb0", oauth_token="1303733634424242188-a5SMk2oRhhghsxjl1bY0Xhqnr2F7PI", oauth_signature="kZ5Jz36CcqVDtkaqxhjBlVdQwhU%3D"'}
2021-04-06 20:53:33,726 28700  MainThread       requests_oauthlib.oauth1_auth DEBUG    Updated body: None
2021-04-06 20:53:33,730 28700  MainThread       urllib3.connectionpool   DEBUG    Starting new HTTPS connection (1): api.twitter.com:443
2021-04-06 20:53:34,123 28700  MainThread       urllib3.connectionpool   DEBUG    https://api.twitter.com:443 "GET /1.1/search/tweets.json?q=bitcoin&lang=en&count=5 HTTP/1.1" 200 26495
2021-04-06 20:53:59,400 30568  MainThread       __main__                 DEBUG    Crypto-ML application begin.
2021-04-06 20:53:59,401 30568  MainThread       requests_oauthlib.oauth1_auth DEBUG    Signing request <PreparedRequest [GET]> using client <Client client_key=fas6ku7nrX8PEr276k4fagLb0, client_secret=****, resource_owner_key=1303733634424242188-a5SMk2oRhhghsxjl1bY0Xhqnr2F7PI, resource_owner_secret=****, signature_method=HMAC-SHA1, signature_type=AUTH_HEADER, callback_uri=None, rsa_key=None, verifier=None, realm=None, encoding=utf-8, decoding=None, nonce=None, timestamp=None>
2021-04-06 20:53:59,402 30568  MainThread       requests_oauthlib.oauth1_auth DEBUG    Including body in call to sign: False
2021-04-06 20:53:59,402 30568  MainThread       oauthlib.oauth1.rfc5849  DEBUG    Collected params: [('oauth_nonce', '140556679423580838111617735239'), ('oauth_timestamp', '1617735239'), ('oauth_version', '1.0'), ('oauth_signature_method', 'HMAC-SHA1'), ('oauth_consumer_key', 'fas6ku7nrX8PEr276k4fagLb0'), ('oauth_token', '1303733634424242188-a5SMk2oRhhghsxjl1bY0Xhqnr2F7PI')]
2021-04-06 20:53:59,402 30568  MainThread       oauthlib.oauth1.rfc5849  DEBUG    Normalized params: oauth_consumer_key=fas6ku7nrX8PEr276k4fagLb0&oauth_nonce=140556679423580838111617735239&oauth_signature_method=HMAC-SHA1&oauth_timestamp=1617735239&oauth_token=1303733634424242188-a5SMk2oRhhghsxjl1bY0Xhqnr2F7PI&oauth_version=1.0
2021-04-06 20:53:59,403 30568  MainThread       oauthlib.oauth1.rfc5849  DEBUG    Normalized URI: https://api.twitter.com/1.1/account/verify_credentials.json
2021-04-06 20:53:59,403 30568  MainThread       oauthlib.oauth1.rfc5849  DEBUG    Signing: signature base string: GET&https%3A%2F%2Fapi.twitter.com%2F1.1%2Faccount%2Fverify_credentials.json&oauth_consumer_key%3Dfas6ku7nrX8PEr276k4fagLb0%26oauth_nonce%3D140556679423580838111617735239%26oauth_signature_method%3DHMAC-SHA1%26oauth_timestamp%3D1617735239%26oauth_token%3D1303733634424242188-a5SMk2oRhhghsxjl1bY0Xhqnr2F7PI%26oauth_version%3D1.0
2021-04-06 20:53:59,403 30568  MainThread       oauthlib.oauth1.rfc5849  DEBUG    Signature: 2G1qvEfOvWH2zTY+/vZMItabDBY=
2021-04-06 20:53:59,404 30568  MainThread       requests_oauthlib.oauth1_auth DEBUG    Updated url: https://api.twitter.com/1.1/account/verify_credentials.json
2021-04-06 20:53:59,404 30568  MainThread       requests_oauthlib.oauth1_auth DEBUG    Updated headers: {'Host': 'api.twitter.com', 'Authorization': 'OAuth oauth_nonce="140556679423580838111617735239", oauth_timestamp="1617735239", oauth_version="1.0", oauth_signature_method="HMAC-SHA1", oauth_consumer_key="fas6ku7nrX8PEr276k4fagLb0", oauth_token="1303733634424242188-a5SMk2oRhhghsxjl1bY0Xhqnr2F7PI", oauth_signature="2G1qvEfOvWH2zTY%2B%2FvZMItabDBY%3D"'}
2021-04-06 20:53:59,404 30568  MainThread       requests_oauthlib.oauth1_auth DEBUG    Updated body: None
2021-04-06 20:53:59,405 30568  MainThread       urllib3.connectionpool   DEBUG    Starting new HTTPS connection (1): api.twitter.com:443
2021-04-06 20:53:59,631 30568  MainThread       urllib3.connectionpool   DEBUG    https://api.twitter.com:443 "GET /1.1/account/verify_credentials.json HTTP/1.1" 200 1279
2021-04-06 20:53:59,633 30568  MainThread       requests_oauthlib.oauth1_auth DEBUG    Signing request <PreparedRequest [GET]> using client <Client client_key=fas6ku7nrX8PEr276k4fagLb0, client_secret=****, resource_owner_key=1303733634424242188-a5SMk2oRhhghsxjl1bY0Xhqnr2F7PI, resource_owner_secret=****, signature_method=HMAC-SHA1, signature_type=AUTH_HEADER, callback_uri=None, rsa_key=None, verifier=None, realm=None, encoding=utf-8, decoding=None, nonce=None, timestamp=None>
2021-04-06 20:53:59,634 30568  MainThread       requests_oauthlib.oauth1_auth DEBUG    Including body in call to sign: False
2021-04-06 20:53:59,635 30568  MainThread       oauthlib.oauth1.rfc5849  DEBUG    Collected params: [('q', 'bitcoin'), ('lang', 'en'), ('count', '5'), ('oauth_nonce', '164329662595312741061617735239'), ('oauth_timestamp', '1617735239'), ('oauth_version', '1.0'), ('oauth_signature_method', 'HMAC-SHA1'), ('oauth_consumer_key', 'fas6ku7nrX8PEr276k4fagLb0'), ('oauth_token', '1303733634424242188-a5SMk2oRhhghsxjl1bY0Xhqnr2F7PI')]
2021-04-06 20:53:59,635 30568  MainThread       oauthlib.oauth1.rfc5849  DEBUG    Normalized params: count=5&lang=en&oauth_consumer_key=fas6ku7nrX8PEr276k4fagLb0&oauth_nonce=164329662595312741061617735239&oauth_signature_method=HMAC-SHA1&oauth_timestamp=1617735239&oauth_token=1303733634424242188-a5SMk2oRhhghsxjl1bY0Xhqnr2F7PI&oauth_version=1.0&q=bitcoin
2021-04-06 20:53:59,636 30568  MainThread       oauthlib.oauth1.rfc5849  DEBUG    Normalized URI: https://api.twitter.com/1.1/search/tweets.json
2021-04-06 20:53:59,636 30568  MainThread       oauthlib.oauth1.rfc5849  DEBUG    Signing: signature base string: GET&https%3A%2F%2Fapi.twitter.com%2F1.1%2Fsearch%2Ftweets.json&count%3D5%26lang%3Den%26oauth_consumer_key%3Dfas6ku7nrX8PEr276k4fagLb0%26oauth_nonce%3D164329662595312741061617735239%26oauth_signature_method%3DHMAC-SHA1%26oauth_timestamp%3D1617735239%26oauth_token%3D1303733634424242188-a5SMk2oRhhghsxjl1bY0Xhqnr2F7PI%26oauth_version%3D1.0%26q%3Dbitcoin
2021-04-06 20:53:59,636 30568  MainThread       oauthlib.oauth1.rfc5849  DEBUG    Signature: 3UL4BuXalG21jpgLt3CCpBi4XtE=
2021-04-06 20:53:59,637 30568  MainThread       requests_oauthlib.oauth1_auth DEBUG    Updated url: https://api.twitter.com/1.1/search/tweets.json?q=bitcoin&lang=en&count=5
2021-04-06 20:53:59,637 30568  MainThread       requests_oauthlib.oauth1_auth DEBUG    Updated headers: {'Host': 'api.twitter.com', 'Authorization': 'OAuth oauth_nonce="164329662595312741061617735239", oauth_timestamp="1617735239", oauth_version="1.0", oauth_signature_method="HMAC-SHA1", oauth_consumer_key="fas6ku7nrX8PEr276k4fagLb0", oauth_token="1303733634424242188-a5SMk2oRhhghsxjl1bY0Xhqnr2F7PI", oauth_signature="3UL4BuXalG21jpgLt3CCpBi4XtE%3D"'}
2021-04-06 20:53:59,637 30568  MainThread       requests_oauthlib.oauth1_auth DEBUG    Updated body: None
2021-04-06 20:53:59,638 30568  MainThread       urllib3.connectionpool   DEBUG    Starting new HTTPS connection (1): api.twitter.com:443
2021-04-06 20:53:59,907 30568  MainThread       urllib3.connectionpool   DEBUG    https://api.twitter.com:443 "GET /1.1/search/tweets.json?q=bitcoin&lang=en&count=5 HTTP/1.1" 200 25446
2021-04-06 20:54:34,150 8252   MainThread       __main__                 DEBUG    Crypto-ML application begin.
2021-04-06 20:54:34,151 8252   MainThread       oauthlib.oauth1.rfc5849  DEBUG    Collected params: [('oauth_nonce', '47020282713652673181617735274'), ('oauth_timestamp', '1617735274'), ('oauth_version', '1.0'), ('oauth_signature_method', 'HMAC-SHA1'), ('oauth_consumer_key', 'fas6ku7nrX8PEr276k4fagLb0'), ('oauth_token', '1303733634424242188-a5SMk2oRhhghsxjl1bY0Xhqnr2F7PI')]
2021-04-06 20:54:34,151 8252   MainThread       oauthlib.oauth1.rfc5849  DEBUG    Normalized params: oauth_consumer_key=fas6ku7nrX8PEr276k4fagLb0&oauth_nonce=47020282713652673181617735274&oauth_signature_method=HMAC-SHA1&oauth_timestamp=1617735274&oauth_token=1303733634424242188-a5SMk2oRhhghsxjl1bY0Xhqnr2F7PI&oauth_version=1.0
2021-04-06 20:54:34,152 8252   MainThread       oauthlib.oauth1.rfc5849  DEBUG    Normalized URI: https://api.twitter.com/1.1/account/verify_credentials.json
2021-04-06 20:54:34,152 8252   MainThread       oauthlib.oauth1.rfc5849  DEBUG    Signing: signature base string: GET&https%3A%2F%2Fapi.twitter.com%2F1.1%2Faccount%2Fverify_credentials.json&oauth_consumer_key%3Dfas6ku7nrX8PEr276k4fagLb0%26oauth_nonce%3D47020282713652673181617735274%26oauth_signature_method%3DHMAC-SHA1%26oauth_timestamp%3D1617735274%26oauth_token%3D1303733634424242188-a5SMk2oRhhghsxjl1bY0Xhqnr2F7PI%26oauth_version%3D1.0
2021-04-06 20:54:34,152 8252   MainThread       oauthlib.oauth1.rfc5849  DEBUG    Signature: ikFWou8ieDHTKcdZteNFT8EgeCk=
2021-04-06 20:54:34,153 8252   MainThread       urllib3.connectionpool   DEBUG    Starting new HTTPS connection (1): api.twitter.com:443
2021-04-06 20:54:34,393 8252   MainThread       urllib3.connectionpool   DEBUG    https://api.twitter.com:443 "GET /1.1/account/verify_credentials.json HTTP/1.1" 200 1279
2021-04-06 20:54:34,396 8252   MainThread       oauthlib.oauth1.rfc5849  DEBUG    Collected params: [('q', 'bitcoin'), ('lang', 'en'), ('count', '5'), ('oauth_nonce', '59503289673354606021617735274'), ('oauth_timestamp', '1617735274'), ('oauth_version', '1.0'), ('oauth_signature_method', 'HMAC-SHA1'), ('oauth_consumer_key', 'fas6ku7nrX8PEr276k4fagLb0'), ('oauth_token', '1303733634424242188-a5SMk2oRhhghsxjl1bY0Xhqnr2F7PI')]
2021-04-06 20:54:34,396 8252   MainThread       oauthlib.oauth1.rfc5849  DEBUG    Normalized params: count=5&lang=en&oauth_consumer_key=fas6ku7nrX8PEr276k4fagLb0&oauth_nonce=59503289673354606021617735274&oauth_signature_method=HMAC-SHA1&oauth_timestamp=1617735274&oauth_token=1303733634424242188-a5SMk2oRhhghsxjl1bY0Xhqnr2F7PI&oauth_version=1.0&q=bitcoin
2021-04-06 20:54:34,396 8252   MainThread       oauthlib.oauth1.rfc5849  DEBUG    Normalized URI: https://api.twitter.com/1.1/search/tweets.json
2021-04-06 20:54:34,397 8252   MainThread       oauthlib.oauth1.rfc5849  DEBUG    Signing: signature base string: GET&https%3A%2F%2Fapi.twitter.com%2F1.1%2Fsearch%2Ftweets.json&count%3D5%26lang%3Den%26oauth_consumer_key%3Dfas6ku7nrX8PEr276k4fagLb0%26oauth_nonce%3D59503289673354606021617735274%26oauth_signature_method%3DHMAC-SHA1%26oauth_timestamp%3D1617735274%26oauth_token%3D1303733634424242188-a5SMk2oRhhghsxjl1bY0Xhqnr2F7PI%26oauth_version%3D1.0%26q%3Dbitcoin
2021-04-06 20:54:34,397 8252   MainThread       oauthlib.oauth1.rfc5849  DEBUG    Signature: GRPePPA3zlku234heFYqf2bKW88=
2021-04-06 20:54:34,398 8252   MainThread       urllib3.connectionpool   DEBUG    Starting new HTTPS connection (1): api.twitter.com:443
2021-04-06 20:54:34,792 8252   MainThread       urllib3.connectionpool   DEBUG    https://api.twitter.com:443 "GET /1.1/search/tweets.json?q=bitcoin&lang=en&count=5 HTTP/1.1" 200 23144
2021-04-06 20:54:48,671 22016  MainThread       __main__                 DEBUG    Crypto-ML application begin.
2021-04-06 20:54:48,672 22016  MainThread       urllib3.connectionpool   DEBUG    Starting new HTTPS connection (1): api.twitter.com:443
2021-04-06 20:54:48,907 22016  MainThread       urllib3.connectionpool   DEBUG    https://api.twitter.com:443 "GET /1.1/account/verify_credentials.json HTTP/1.1" 200 1279
2021-04-06 20:54:48,910 22016  MainThread       urllib3.connectionpool   DEBUG    Starting new HTTPS connection (1): api.twitter.com:443
2021-04-06 20:54:49,326 22016  MainThread       urllib3.connectionpool   DEBUG    https://api.twitter.com:443 "GET /1.1/search/tweets.json?q=bitcoin&lang=en&count=5 HTTP/1.1" 200 23145
2021-04-06 20:55:05,773 20196  MainThread       __main__                 DEBUG    Crypto-ML application begin.
2021-04-06 21:52:35,071 23668  MainThread       __main__                 DEBUG    Crypto-ML application begin.
2021-04-06 21:52:38,963 10432  MainThread       __main__                 DEBUG    Crypto-ML application begin.
2021-04-06 21:52:45,269 13552  MainThread       __main__                 DEBUG    Crypto-ML application begin.
2021-04-06 21:52:45,529 13552  MainThread       crypto_ml.api.cryptocurrency.coin_gecko ERROR    Error while requesting CoinGeckoApi {'error': 'invalid vs_currency'}
2021-04-06 21:52:45,534 13552  MainThread       __main__                 ERROR    Cannot create twitter dataset 'NoneType' object is not iterable
2021-04-06 21:52:56,607 22076  MainThread       __main__                 DEBUG    Crypto-ML application begin.
2021-04-06 21:52:57,185 22076  MainThread       crypto_ml.api.cryptocurrency.coin_gecko ERROR    Error while requesting CoinGeckoApi {'error': 'Could not find coin with the given id'}
2021-04-06 21:52:57,190 22076  MainThread       __main__                 ERROR    Cannot create twitter dataset 'NoneType' object is not iterable
2021-04-06 21:53:04,881 8252   MainThread       __main__                 DEBUG    Crypto-ML application begin.
2021-04-06 21:53:05,091 8252   MainThread       crypto_ml.api.cryptocurrency.coin_gecko ERROR    Error while requesting CoinGeckoApi {'error': 'Could not find coin with the given id'}
2021-04-06 21:53:05,092 8252   MainThread       __main__                 ERROR    Cannot create twitter dataset 'NoneType' object is not iterable
2021-04-06 21:53:14,423 5364   MainThread       __main__                 DEBUG    Crypto-ML application begin.
2021-04-06 21:53:14,640 5364   MainThread       __main__                 ERROR    Cannot create twitter dataset 'NoneType' object is not iterable
2021-04-06 21:54:43,017 12176  MainThread       __main__                 DEBUG    Crypto-ML application begin.
2021-04-06 21:54:57,275 26868  MainThread       __main__                 DEBUG    Crypto-ML application begin.
2021-04-06 21:55:49,271 23548  MainThread       __main__                 DEBUG    Crypto-ML application begin.
2021-04-06 21:55:49,329 23548  MainThread       crypto_ml.api.cryptocurrency.coin_gecko ERROR    Error while requesting CoinGeckoApi 'dict' object has no attribute 'prices'
2021-04-06 21:55:49,330 23548  MainThread       __main__                 ERROR    Cannot create twitter dataset 'NoneType' object is not iterable
2021-04-06 21:56:02,382 30152  MainThread       __main__                 DEBUG    Crypto-ML application begin.
2021-04-06 21:56:50,965 28200  MainThread       __main__                 DEBUG    Crypto-ML application begin.
2021-04-06 21:57:10,462 23940  MainThread       __main__                 DEBUG    Crypto-ML application begin.
2021-04-06 22:07:59,986 3144   MainThread       __main__                 DEBUG    Crypto-ML application begin.
2021-04-06 22:08:00,602 3144   MainThread       crypto_ml.api.cryptocurrency.coin_gecko ERROR    Error while requesting CoinGeckoApi not enough values to unpack (expected 4, got 3)
2021-04-06 22:08:00,603 3144   MainThread       __main__                 ERROR    Cannot create twitter dataset 'NoneType' object is not iterable
2021-04-06 22:08:17,633 22412  MainThread       __main__                 DEBUG    Crypto-ML application begin.
2021-04-06 22:10:33,914 11756  MainThread       __main__                 DEBUG    Crypto-ML application begin.
2021-04-06 22:10:34,011 11756  MainThread       crypto_ml.api.cryptocurrency.coin_gecko ERROR    Error while requesting CoinGeckoApi not enough values to unpack (expected 4, got 2)
2021-04-06 22:10:34,012 11756  MainThread       __main__                 ERROR    Cannot create twitter dataset 'NoneType' object is not iterable
2021-04-06 22:10:43,638 26244  MainThread       __main__                 DEBUG    Crypto-ML application begin.
2021-04-06 22:11:19,179 8100   MainThread       __main__                 DEBUG    Crypto-ML application begin.
2021-04-06 22:11:38,855 13408  MainThread       __main__                 DEBUG    Crypto-ML application begin.
2021-04-06 22:12:04,300 21520  MainThread       __main__                 DEBUG    Crypto-ML application begin.
2021-04-06 22:12:21,798 26988  MainThread       __main__                 DEBUG    Crypto-ML application begin.
2021-04-06 22:12:32,514 17284  MainThread       __main__                 DEBUG    Crypto-ML application begin.
2021-04-06 22:20:07,779 26336  MainThread       __main__                 DEBUG    Crypto-ML application begin.
2021-04-06 22:21:02,663 17908  MainThread       __main__                 DEBUG    Crypto-ML application begin.
2021-04-06 22:21:08,091 27076  MainThread       __main__                 DEBUG    Crypto-ML application begin.
2021-04-06 22:21:28,854 14312  MainThread       __main__                 DEBUG    Crypto-ML application begin.
2021-04-06 22:23:14,836 13032  MainThread       __main__                 DEBUG    Crypto-ML application begin.
2021-04-06 22:23:14,908 13032  MainThread       crypto_ml.api.cryptocurrency.coin_gecko ERROR    Error while requesting CoinGeckoApi the JSON object must be str, bytes or bytearray, not dict
2021-04-06 22:23:14,913 13032  MainThread       __main__                 ERROR    Cannot create twitter dataset 'NoneType' object is not iterable
2021-04-06 22:23:28,023 11720  MainThread       __main__                 DEBUG    Crypto-ML application begin.
2021-04-06 22:23:28,086 11720  MainThread       crypto_ml.api.cryptocurrency.coin_gecko ERROR    Error while requesting CoinGeckoApi dump() missing 1 required positional argument: 'fp'
2021-04-06 22:23:28,087 11720  MainThread       __main__                 ERROR    Cannot create twitter dataset 'NoneType' object is not iterable
2021-04-06 22:23:32,722 4736   MainThread       __main__                 DEBUG    Crypto-ML application begin.
2021-04-06 22:24:21,524 16360  MainThread       __main__                 DEBUG    Crypto-ML application begin.
2021-04-06 22:24:21,615 16360  MainThread       crypto_ml.api.cryptocurrency.coin_gecko ERROR    Error while requesting CoinGeckoApi 'str' object has no attribute 'items'
2021-04-06 22:24:21,620 16360  MainThread       __main__                 ERROR    Cannot create twitter dataset 'NoneType' object is not iterable
2021-04-06 22:24:31,386 20236  MainThread       __main__                 DEBUG    Crypto-ML application begin.
2021-04-06 22:25:15,286 6404   MainThread       __main__                 DEBUG    Crypto-ML application begin.
2021-04-06 22:25:15,357 6404   MainThread       crypto_ml.api.cryptocurrency.coin_gecko ERROR    Error while requesting CoinGeckoApi the JSON object must be str, bytes or bytearray, not dict
2021-04-06 22:25:15,358 6404   MainThread       __main__                 ERROR    Cannot create twitter dataset 'NoneType' object is not iterable
2021-04-06 22:25:33,859 15104  MainThread       __main__                 DEBUG    Crypto-ML application begin.
2021-04-06 22:25:41,835 2528   MainThread       __main__                 DEBUG    Crypto-ML application begin.
2021-04-06 22:26:00,338 29328  MainThread       __main__                 DEBUG    Crypto-ML application begin.
2021-04-06 22:26:12,681 5376   MainThread       __main__                 DEBUG    Crypto-ML application begin.
2021-04-06 22:26:19,108 15148  MainThread       __main__                 DEBUG    Crypto-ML application begin.
2021-04-06 22:26:50,576 17264  MainThread       __main__                 DEBUG    Crypto-ML application begin.
2021-04-06 22:29:17,509 12924  MainThread       __main__                 DEBUG    Crypto-ML application begin.
2021-04-06 22:49:59,171 14796  MainThread       __main__                 DEBUG    Crypto-ML application begin.
2021-04-06 22:50:58,798 19104  MainThread       __main__                 DEBUG    Crypto-ML application begin.
2021-04-06 22:50:58,798 19104  MainThread       __main__                 ERROR    Cannot create twitter dataset iterate() missing 1 required positional argument: 'self'
2021-04-06 22:51:05,359 1768   MainThread       __main__                 DEBUG    Crypto-ML application begin.
2021-04-06 22:57:22,459 20224  MainThread       __main__                 DEBUG    Crypto-ML application begin.
2021-04-06 22:57:24,698 7772   MainThread       __main__                 DEBUG    Crypto-ML application begin.
2021-04-06 22:57:30,994 9112   MainThread       __main__                 DEBUG    Crypto-ML application begin.
2021-04-06 22:57:30,994 9112   MainThread       __main__                 ERROR    Cannot create twitter dataset __init__() missing 1 required positional argument: 'coin'
2021-04-06 22:58:24,579 18016  MainThread       __main__                 DEBUG    Crypto-ML application begin.
2021-04-06 22:58:39,810 6944   MainThread       __main__                 DEBUG    Crypto-ML application begin.
2021-04-06 23:00:21,268 21684  MainThread       __main__                 DEBUG    Crypto-ML application begin.
